0 verbose cli [
0 verbose cli   '/usr/local/Cellar/node/15.5.0/bin/node',
0 verbose cli   '/usr/local/bin/npm',
0 verbose cli   'run',
0 verbose cli   'pretty'
0 verbose cli ]
1 info using npm@7.3.0
2 info using node@v15.5.0
3 timing config:load:defaults Completed in 1ms
4 timing config:load:file:/usr/local/lib/node_modules/npm/npmrc Completed in 1ms
5 timing config:load:builtin Completed in 1ms
6 timing config:load:cli Completed in 2ms
7 timing config:load:env Completed in 0ms
8 timing config:load:file:/Users/nandupokhrel/Desktop/BookTrades-Web/.npmrc Completed in 0ms
9 timing config:load:project Completed in 0ms
10 timing config:load:file:/Users/nandupokhrel/.npmrc Completed in 0ms
11 timing config:load:user Completed in 1ms
12 timing config:load:file:/usr/local/etc/npmrc Completed in 0ms
13 timing config:load:global Completed in 0ms
14 timing config:load:cafile Completed in 0ms
15 timing config:load:validate Completed in 0ms
16 timing config:load:setUserAgent Completed in 1ms
17 timing config:load:setEnvs Completed in 0ms
18 timing config:load Completed in 6ms
19 verbose npm-session 8cd08dbe76a9c27b
20 timing npm:load Completed in 14ms
21 timing command:run-script Completed in 4ms
22 verbose stack Error: missing script: pretty
22 verbose stack     at runScript (/usr/local/lib/node_modules/npm/lib/run-script.js:54:11)
23 verbose cwd /Users/nandupokhrel/Desktop/BookTrades-Web
24 verbose Darwin 20.2.0
25 verbose argv "/usr/local/Cellar/node/15.5.0/bin/node" "/usr/local/bin/npm" "run" "pretty"
26 verbose node v15.5.0
27 verbose npm  v7.3.0
28 error missing script: pretty
29 verbose exit 1
