0 verbose cli [
0 verbose cli   '/usr/local/Cellar/node/15.5.0/bin/node',
0 verbose cli   '/usr/local/bin/npm',
0 verbose cli   'install'
0 verbose cli ]
1 info using npm@7.3.0
2 info using node@v15.5.0
3 timing config:load:defaults Completed in 2ms
4 timing config:load:file:/usr/local/lib/node_modules/npm/npmrc Completed in 2ms
5 timing config:load:builtin Completed in 2ms
6 timing config:load:cli Completed in 1ms
7 timing config:load:env Completed in 1ms
8 timing config:load:file:/Users/nandupokhrel/Desktop/BookTrades-Web/.npmrc Completed in 0ms
9 timing config:load:project Completed in 0ms
10 timing config:load:file:/Users/nandupokhrel/.npmrc Completed in 0ms
11 timing config:load:user Completed in 0ms
12 timing config:load:file:/usr/local/etc/npmrc Completed in 1ms
13 timing config:load:global Completed in 1ms
14 timing config:load:cafile Completed in 0ms
15 timing config:load:validate Completed in 0ms
16 timing config:load:setUserAgent Completed in 0ms
17 timing config:load:setEnvs Completed in 1ms
18 timing config:load Completed in 8ms
19 verbose npm-session 52f9119f02c783ad
20 timing npm:load Completed in 15ms
21 timing arborist:ctor Completed in 1ms
22 timing arborist:ctor Completed in 0ms
23 timing idealTree:init Completed in 141ms
24 timing idealTree:userRequests Completed in 0ms
25 silly idealTree buildDeps
26 silly fetch manifest @material-ui/core@4.11.0
27 http fetch GET 304 https://registry.npmjs.org/@material-ui%2fcore 492ms (from cache)
28 silly fetch manifest react@16.13.1
29 http fetch GET 304 https://registry.npmjs.org/react 60ms (from cache)
30 silly fetch manifest react-dom@16.13.1
31 http fetch GET 304 https://registry.npmjs.org/react-dom 55ms (from cache)
32 silly fetch manifest @material-ui/icons@4.9.1
33 http fetch GET 304 https://registry.npmjs.org/@material-ui%2ficons 88ms (from cache)
34 silly fetch manifest @material-ui/lab@4.0.0-alpha.56
35 http fetch GET 304 https://registry.npmjs.org/@material-ui%2flab 87ms (from cache)
36 silly fetch manifest @progress/kendo-react-intl@3.17.0
37 http fetch GET 304 https://registry.npmjs.org/@progress%2fkendo-react-intl 137ms (from cache)
38 silly fetch manifest @progress/kendo-react-upload@3.17.0
39 http fetch GET 304 https://registry.npmjs.org/@progress%2fkendo-react-upload 91ms (from cache)
40 silly fetch manifest @reach/combobox@0.11.2
41 http fetch GET 304 https://registry.npmjs.org/@reach%2fcombobox 66ms (from cache)
42 silly fetch manifest @react-google-maps/api@1.13.0
43 http fetch GET 304 https://registry.npmjs.org/@react-google-maps%2fapi 71ms (from cache)
44 silly fetch manifest @testing-library/jest-dom@4.2.4
45 http fetch GET 304 https://registry.npmjs.org/@testing-library%2fjest-dom 110ms (from cache)
46 silly fetch manifest @testing-library/react@9.5.0
47 http fetch GET 304 https://registry.npmjs.org/@testing-library%2freact 78ms (from cache)
48 silly fetch manifest @testing-library/user-event@7.2.1
49 http fetch GET 304 https://registry.npmjs.org/@testing-library%2fuser-event 72ms (from cache)
50 silly fetch manifest @testing-library/dom@>=5
51 http fetch GET 304 https://registry.npmjs.org/@testing-library%2fdom 85ms (from cache)
52 silly fetch manifest animate-css-styled-components@1.0.2
53 http fetch GET 200 https://registry.npmjs.org/animate-css-styled-components 5ms (from cache)
54 silly fetch manifest styled-components@5.2.0
55 http fetch GET 304 https://registry.npmjs.org/styled-components 55ms (from cache)
56 silly fetch manifest react-is@>= 16.8.0
57 http fetch GET 304 https://registry.npmjs.org/react-is 58ms (from cache)
58 timing idealTree Completed in 1831ms
59 timing command:install Completed in 1833ms
60 verbose stack Error: unable to resolve dependency tree
60 verbose stack     at Arborist.[failPeerConflict] (/usr/local/lib/node_modules/npm/node_modules/@npmcli/arborist/lib/arborist/build-ideal-tree.js:1061:25)
60 verbose stack     at Arborist.[loadPeerSet] (/usr/local/lib/node_modules/npm/node_modules/@npmcli/arborist/lib/arborist/build-ideal-tree.js:1041:36)
60 verbose stack     at async Arborist.[buildDepStep] (/usr/local/lib/node_modules/npm/node_modules/@npmcli/arborist/lib/arborist/build-ideal-tree.js:796:11)
60 verbose stack     at async Arborist.buildIdealTree (/usr/local/lib/node_modules/npm/node_modules/@npmcli/arborist/lib/arborist/build-ideal-tree.js:209:7)
60 verbose stack     at async Promise.all (index 1)
60 verbose stack     at async Arborist.reify (/usr/local/lib/node_modules/npm/node_modules/@npmcli/arborist/lib/arborist/reify.js:123:5)
60 verbose stack     at async install (/usr/local/lib/node_modules/npm/lib/install.js:38:3)
61 verbose cwd /Users/nandupokhrel/Desktop/BookTrades-Web
62 verbose Darwin 20.2.0
63 verbose argv "/usr/local/Cellar/node/15.5.0/bin/node" "/usr/local/bin/npm" "install"
64 verbose node v15.5.0
65 verbose npm  v7.3.0
66 error code ERESOLVE
67 error ERESOLVE unable to resolve dependency tree
68 error
69 error While resolving: [1mbooktrades[22m@[1m0.1.0[22m
69 error Found: [1mstyled-components[22m@[1m5.2.0[22m[2m[22m
69 error [2mnode_modules/styled-components[22m
69 error   [1mstyled-components[22m@"[1m^5.2.0[22m" from the root project
69 error
69 error Could not resolve dependency:
69 error [35mpeer[39m [1mstyled-components[22m@"[1m^3.3.2[22m" from [1manimate-css-styled-components[22m@[1m1.0.2[22m[2m[22m
69 error [2mnode_modules/animate-css-styled-components[22m
69 error   [1manimate-css-styled-components[22m@"[1m^1.0.2[22m" from the root project
69 error
69 error Fix the upstream dependency conflict, or retry
69 error this command with --force, or --legacy-peer-deps
69 error to accept an incorrect (and potentially broken) dependency resolution.
69 error
69 error See /Users/nandupokhrel/.npm/eresolve-report.txt for a full report.
70 verbose exit 1
