0 verbose cli [
0 verbose cli   '/usr/local/Cellar/node/15.5.0/bin/node',
0 verbose cli   '/usr/local/bin/npm',
0 verbose cli   'i',
0 verbose cli   'react-transition-group'
0 verbose cli ]
1 info using npm@7.3.0
2 info using node@v15.5.0
3 timing config:load:defaults Completed in 1ms
4 timing config:load:file:/usr/local/lib/node_modules/npm/npmrc Completed in 2ms
5 timing config:load:builtin Completed in 2ms
6 timing config:load:cli Completed in 1ms
7 timing config:load:env Completed in 1ms
8 timing config:load:file:/Users/nandupokhrel/Desktop/BookTrades-Web/.npmrc Completed in 0ms
9 timing config:load:project Completed in 0ms
10 timing config:load:file:/Users/nandupokhrel/.npmrc Completed in 1ms
11 timing config:load:user Completed in 1ms
12 timing config:load:file:/usr/local/etc/npmrc Completed in 0ms
13 timing config:load:global Completed in 0ms
14 timing config:load:cafile Completed in 0ms
15 timing config:load:validate Completed in 0ms
16 timing config:load:setUserAgent Completed in 1ms
17 timing config:load:setEnvs Completed in 0ms
18 timing config:load Completed in 7ms
19 verbose npm-session f347569de1e4b293
20 timing npm:load Completed in 16ms
21 timing arborist:ctor Completed in 1ms
22 timing idealTree:init Completed in 1190ms
23 timing idealTree:userRequests Completed in 5ms
24 silly idealTree buildDeps
25 silly fetch manifest react-transition-group@*
26 timing arborist:ctor Completed in 0ms
27 http fetch GET 304 https://registry.npmjs.org/react-transition-group 1040ms (from cache)
28 silly fetch manifest react@^16.13.1
29 http fetch GET 200 https://registry.npmjs.org/react 90ms
30 silly fetch manifest react-dom@^16.13.1
31 http fetch GET 200 https://registry.npmjs.org/react-dom 80ms
32 timing idealTree:#root Completed in 1227ms
33 timing idealTree:buildDeps Completed in 1229ms
34 timing idealTree:fixDepFlags Completed in 34ms
35 timing idealTree Completed in 2473ms
36 timing reify:loadTrees Completed in 2474ms
37 timing reify:diffTrees Completed in 44ms
38 silly reify mark retired [
38 silly reify   '/Users/nandupokhrel/Desktop/BookTrades-Web/node_modules/jest',
38 silly reify   '/Users/nandupokhrel/Desktop/BookTrades-Web/node_modules/.bin/jest'
38 silly reify ]
39 silly reify mark retired [
39 silly reify   '/Users/nandupokhrel/Desktop/BookTrades-Web/node_modules/json5',
39 silly reify   '/Users/nandupokhrel/Desktop/BookTrades-Web/node_modules/.bin/json5'
39 silly reify ]
40 silly reify mark retired [
40 silly reify   '/Users/nandupokhrel/Desktop/BookTrades-Web/node_modules/semver',
40 silly reify   '/Users/nandupokhrel/Desktop/BookTrades-Web/node_modules/.bin/semver'
40 silly reify ]
41 silly reify moves {
41 silly reify   '/Users/nandupokhrel/Desktop/BookTrades-Web/node_modules/jest': '/Users/nandupokhrel/Desktop/BookTrades-Web/node_modules/.jest-gFSHdTNR',
41 silly reify   '/Users/nandupokhrel/Desktop/BookTrades-Web/node_modules/.bin/jest': '/Users/nandupokhrel/Desktop/BookTrades-Web/node_modules/.bin/.jest-iy4yYCSh',
41 silly reify   '/Users/nandupokhrel/Desktop/BookTrades-Web/node_modules/json5': '/Users/nandupokhrel/Desktop/BookTrades-Web/node_modules/.json5-wgsUpvtq',
41 silly reify   '/Users/nandupokhrel/Desktop/BookTrades-Web/node_modules/.bin/json5': '/Users/nandupokhrel/Desktop/BookTrades-Web/node_modules/.bin/.json5-9TKTTsNv',
41 silly reify   '/Users/nandupokhrel/Desktop/BookTrades-Web/node_modules/semver': '/Users/nandupokhrel/Desktop/BookTrades-Web/node_modules/.semver-SMgWua8J',
41 silly reify   '/Users/nandupokhrel/Desktop/BookTrades-Web/node_modules/.bin/semver': '/Users/nandupokhrel/Desktop/BookTrades-Web/node_modules/.bin/.semver-nxcONRnF'
41 silly reify }
42 timing reify:retireShallow Completed in 9ms
43 timing reify:createSparse Completed in 1ms
44 timing reify:loadBundles Completed in 0ms
45 timing reifyNode:node_modules/jest Completed in 26ms
46 timing reifyNode:node_modules/semver Completed in 28ms
47 timing reifyNode:node_modules/json5 Completed in 34ms
48 timing reify:unpack Completed in 35ms
49 timing reify:unretire Completed in 9ms
50 timing build:queue Completed in 0ms
51 timing build:link:node_modules/jest Completed in 9ms
52 timing build:link:node_modules/json5 Completed in 2ms
53 timing reify:rollback:createSparse Completed in 103ms
54 timing reify:rollback:retireShallow Completed in 16ms
55 timing command:install Completed in 2719ms
56 verbose stack Error: ENOENT: no such file or directory, chmod '/Users/nandupokhrel/Desktop/BookTrades-Web/node_modules/semver/bin/semver'
57 verbose cwd /Users/nandupokhrel/Desktop/BookTrades-Web
58 verbose Darwin 20.2.0
59 verbose argv "/usr/local/Cellar/node/15.5.0/bin/node" "/usr/local/bin/npm" "i" "react-transition-group"
60 verbose node v15.5.0
61 verbose npm  v7.3.0
62 error code ENOENT
63 error syscall chmod
64 error path /Users/nandupokhrel/Desktop/BookTrades-Web/node_modules/semver/bin/semver
65 error errno -2
66 error enoent ENOENT: no such file or directory, chmod '/Users/nandupokhrel/Desktop/BookTrades-Web/node_modules/semver/bin/semver'
67 error enoent This is related to npm not being able to find a file.
68 verbose exit -2
