0 verbose cli [
0 verbose cli   '/usr/local/Cellar/node/15.5.0/bin/node',
0 verbose cli   '/usr/local/bin/npm',
0 verbose cli   'start'
0 verbose cli ]
1 info using npm@7.3.0
2 info using node@v15.5.0
3 timing config:load:defaults Completed in 1ms
4 timing config:load:file:/usr/local/lib/node_modules/npm/npmrc Completed in 2ms
5 timing config:load:builtin Completed in 2ms
6 timing config:load:cli Completed in 1ms
7 timing config:load:env Completed in 0ms
8 timing config:load:file:/Users/nandupokhrel/Desktop/nepalcooks/.npmrc Completed in 0ms
9 timing config:load:project Completed in 1ms
10 timing config:load:file:/Users/nandupokhrel/.npmrc Completed in 0ms
11 timing config:load:user Completed in 0ms
12 timing config:load:file:/usr/local/etc/npmrc Completed in 0ms
13 timing config:load:global Completed in 0ms
14 timing config:load:cafile Completed in 0ms
15 timing config:load:validate Completed in 0ms
16 timing config:load:setUserAgent Completed in 1ms
17 timing config:load:setEnvs Completed in 0ms
18 timing config:load Completed in 6ms
19 verbose npm-session 6770793c89b23c97
20 timing npm:load Completed in 14ms
21 timing command:run-script Completed in 349ms
22 timing command:start Completed in 355ms
23 verbose stack Error: command failed
23 verbose stack     at ChildProcess.<anonymous> (/usr/local/lib/node_modules/npm/node_modules/@npmcli/promise-spawn/index.js:64:27)
23 verbose stack     at ChildProcess.emit (node:events:376:20)
23 verbose stack     at maybeClose (node:internal/child_process:1063:16)
23 verbose stack     at Process.ChildProcess._handle.onexit (node:internal/child_process:295:5)
24 verbose pkgid stackbit-fresh-theme@0.0.1
25 verbose cwd /Users/nandupokhrel/Desktop/nepalcooks
26 verbose Darwin 20.2.0
27 verbose argv "/usr/local/Cellar/node/15.5.0/bin/node" "/usr/local/bin/npm" "start"
28 verbose node v15.5.0
29 verbose npm  v7.3.0
30 error code 1
31 error path /Users/nandupokhrel/Desktop/nepalcooks
32 error command failed
33 error command sh -c next start
34 verbose exit 1
